TN:
SF:/Users/cpurta/go/src/github.com/cpurta/aragonApplication/contracts/math/Math.sol
FN:11,max64
FN:15,min64
FN:19,max256
FN:23,min256
FNF:4
FNH:0
FNDA:0,max64
FNDA:0,min64
FNDA:0,max256
FNDA:0,min256
DA:12,0
DA:16,0
DA:20,0
DA:24,0
LF:4
LH:0
BRF:0
BRH:0
end_of_record
TN:
SF:/Users/cpurta/go/src/github.com/cpurta/aragonApplication/contracts/math/SafeMath.sol
FN:15,mul
FN:27,div
FN:37,sub
FN:45,add
FNF:4
FNH:4
FNDA:42,mul
FNDA:22,div
FNDA:9,sub
FNDA:39,add
DA:16,42
DA:17,0
DA:19,42
DA:20,42
DA:21,42
DA:29,22
DA:31,22
DA:38,9
DA:39,9
DA:46,39
DA:47,39
DA:48,39
LF:12
LH:11
BRDA:16,1,0,0
BRDA:16,1,1,42
BRDA:20,2,0,42
BRDA:20,2,1,0
BRDA:38,3,0,9
BRDA:38,3,1,0
BRDA:47,4,0,39
BRDA:47,4,1,0
BRF:8
BRH:4
end_of_record
TN:
SF:/Users/cpurta/go/src/github.com/cpurta/aragonApplication/contracts/Payroll.sol
FN:40,onlyOwner
FN:45,onlyEmployed
FN:50,onlyOracle
FN:55,Payroll
FN:60,addEmployee
FN:77,setEmployeeSalary
FN:84,removeEmployee
FN:94,addFunds
FN:102,scapeHatch
FN:106,getPayrollFunds
FN:110,getEmployeeCount
FN:111,getEmployee
FN:122,_calculateYearlyBurnrate
FN:130,calculatePayrollBurnrate
FN:134,calculatePayrollRunway
FN:140,determineAllocation
FN:157,payday
FN:192,setExchangeRate
FNF:18
FNH:18
FNDA:64,onlyOwner
FNDA:12,onlyEmployed
FNDA:56,onlyOracle
FNDA:18,Payroll
FNDA:26,addEmployee
FNDA:1,setEmployeeSalary
FNDA:1,removeEmployee
FNDA:16,addFunds
FNDA:1,scapeHatch
FNDA:19,getPayrollFunds
FNDA:27,getEmployeeCount
FNDA:4,getEmployee
FNDA:2,_calculateYearlyBurnrate
FNDA:1,calculatePayrollBurnrate
FNDA:1,calculatePayrollRunway
FNDA:6,determineAllocation
FNDA:6,payday
FNDA:56,setExchangeRate
DA:41,64
DA:42,64
DA:46,12
DA:47,12
DA:51,56
DA:52,56
DA:56,18
DA:57,18
DA:61,26
DA:62,26
DA:63,26
DA:65,26
DA:67,26
DA:74,26
DA:78,1
DA:80,1
DA:81,1
DA:85,1
DA:88,1
DA:90,1
DA:91,1
DA:95,16
DA:96,16
DA:97,16
DA:98,16
DA:103,1
DA:107,19
DA:112,4
DA:113,4
DA:114,3
DA:123,2
DA:124,2
DA:125,4
DA:127,2
DA:131,1
DA:135,1
DA:136,1
DA:141,6
DA:142,6
DA:144,5
DA:145,5
DA:146,15
DA:149,5
DA:150,4
DA:151,4
DA:152,4
DA:154,4
DA:158,6
DA:160,6
DA:162,6
DA:163,5
DA:165,5
DA:167,15
DA:168,15
DA:169,15
DA:170,8
DA:173,7
DA:174,7
DA:175,7
DA:177,5
DA:178,5
DA:181,2
DA:182,2
DA:183,2
DA:187,5
DA:188,5
DA:189,5
DA:193,56
DA:194,56
DA:195,56
LF:70
LH:70
BRDA:41,1,0,64
BRDA:41,1,1,0
BRDA:46,2,0,12
BRDA:46,2,1,0
BRDA:51,3,0,56
BRDA:51,3,1,0
BRDA:61,4,0,26
BRDA:61,4,1,0
BRDA:62,5,0,26
BRDA:62,5,1,0
BRDA:63,6,0,26
BRDA:63,6,1,0
BRDA:78,7,0,1
BRDA:78,7,1,0
BRDA:85,8,0,1
BRDA:85,8,1,0
BRDA:95,9,0,16
BRDA:95,9,1,0
BRDA:112,10,0,4
BRDA:112,10,1,0
BRDA:141,11,0,6
BRDA:141,11,1,0
BRDA:142,12,0,5
BRDA:142,12,1,1
BRDA:149,13,0,4
BRDA:149,13,1,1
BRDA:158,14,0,6
BRDA:158,14,1,0
BRDA:162,15,0,5
BRDA:162,15,1,1
BRDA:169,16,0,8
BRDA:169,16,1,7
BRDA:175,17,0,5
BRDA:175,17,1,2
BRDA:193,18,0,56
BRDA:193,18,1,0
BRF:36
BRH:23
end_of_record
TN:
SF:/Users/cpurta/go/src/github.com/cpurta/aragonApplication/contracts/PayrollInterface.sol
FNF:0
FNH:0
LF:0
LH:0
BRF:0
BRH:0
end_of_record
TN:
SF:/Users/cpurta/go/src/github.com/cpurta/aragonApplication/contracts/token/BasicToken.sol
FN:22,totalSupply
FN:31,transfer
FN:47,balanceOf
FNF:3
FNH:1
FNDA:0,totalSupply
FNDA:0,transfer
FNDA:2,balanceOf
DA:23,0
DA:32,0
DA:33,0
DA:36,0
DA:37,0
DA:38,0
DA:39,0
DA:48,2
LF:8
LH:1
BRDA:32,1,0,0
BRDA:32,1,1,0
BRDA:33,2,0,0
BRDA:33,2,1,0
BRF:4
BRH:0
end_of_record
TN:
SF:/Users/cpurta/go/src/github.com/cpurta/aragonApplication/contracts/token/ERC20.sol
FNF:0
FNH:0
LF:0
LH:0
BRF:0
BRH:0
end_of_record
TN:
SF:/Users/cpurta/go/src/github.com/cpurta/aragonApplication/contracts/token/ERC20Basic.sol
FNF:0
FNH:0
LF:0
LH:0
BRF:0
BRH:0
end_of_record
TN:
SF:/Users/cpurta/go/src/github.com/cpurta/aragonApplication/contracts/token/StandardToken.sol
FN:24,mint
FN:36,transferFrom
FN:58,approve
FN:70,allowance
FN:84,increaseApproval
FN:100,decreaseApproval
FNF:6
FNH:4
FNDA:2,mint
FNDA:2,transferFrom
FNDA:12,approve
FNDA:12,allowance
FNDA:0,increaseApproval
FNDA:0,decreaseApproval
DA:25,2
DA:26,2
DA:27,2
DA:37,2
DA:38,2
DA:39,2
DA:41,2
DA:42,2
DA:43,2
DA:44,2
DA:45,2
DA:59,12
DA:60,12
DA:61,12
DA:71,12
DA:85,0
DA:86,0
DA:87,0
DA:101,0
DA:102,0
DA:103,0
DA:105,0
DA:107,0
DA:108,0
LF:24
LH:15
BRDA:25,1,0,2
BRDA:25,1,1,0
BRDA:37,2,0,2
BRDA:37,2,1,0
BRDA:38,3,0,2
BRDA:38,3,1,0
BRDA:39,4,0,2
BRDA:39,4,1,0
BRDA:102,5,0,0
BRDA:102,5,1,0
BRF:10
BRH:4
end_of_record
